[2023.06.05 22:02:58] title: '', text: '__handle_keyboard_action'
[2023.06.05 22:03:02] title: '', text: 'model'
[2023.06.05 22:03:03] title: '', text: 'event_type'
[2023.06.05 22:04:03] title: '', text: 'event_type'
[2023.06.05 22:04:05] title: '', text: 'OSError: Error 13 - Must be run as administrator'
[2023.06.05 22:04:24] title: '', text: 'pyautogui'
[2023.06.05 22:07:02] title: '', text: 'on_press'
[2023.06.05 22:11:02] title: '', text: 'print("paste")
            text: str = clipboard.paste()
            window_title: str = self._get_active_window_title()
            self.callback(text, window_title, EventType.ON_KEYBOARD_PASTE)'
[2023.06.05 22:11:06] title: '', text: 'print("copy")
            text: str = clipboard.paste()
            window_title: str = self._get_active_window_title()
            self.callback(text, window_title, EventType.ON_KEYBOARD_COPY)'
[2023.06.05 22:13:07] title: '', text: 'keys = pygame.key.get_pressed()'
[2023.06.05 22:14:09] title: '', text: 'keys = pygame.key.get_pressed()'
[2023.06.05 22:14:12] title: '', text: 'pygame'
[2023.06.05 22:14:18] title: '', text: 'K_LCTRL'
[2023.06.05 22:14:43] title: '', text: 'K_LCTRL'
[2023.06.05 22:14:45] title: '', text: 'open'
[2023.06.05 22:15:02] title: '', text: 'open'
[2023.06.05 22:15:25] title: '', text: 'open'
[2023.06.05 22:15:37] title: '', text: 'open'
[2023.06.05 22:18:24] title: '', text: 'open'
[2023.06.05 22:19:07] title: '', text: 'open'
[2023.06.05 22:21:55] title: '', text: 'open'
[2023.06.05 22:22:23] title: '', text: 'open'
